19:29:45.649 [main]INFO  com.dfh.cucumberHooks.Hooks - Setting up before the scenario
19:29:50.231 [main]INFO  com.dfh.cucumberHooks.Hooks - Driver retrived from the hooks file successfully
19:30:27.345 [main]INFO  com.dfh.cucumberHooks.Hooks - Running teardown after scenario
19:48:27.792 [main]INFO  com.dfh.cucumberHooks.Hooks - Setting up before the scenario
19:48:55.842 [main]INFO  com.dfh.cucumberHooks.Hooks - Driver retrived from the hooks file successfully
19:48:56.334 [main]INFO  com.dfh.cucumberHooks.Hooks - Running teardown after scenario
19:48:57.713 [main]INFO  com.dfh.cucumberHooks.Hooks - Browser closed !!!
19:57:27.287 [main]INFO  com.dfh.cucumberHooks.Hooks - Setting up before the scenario
19:57:28.737 [main]INFO  com.dfh.cucumberHooks.Hooks - Running teardown after scenario
19:57:30.108 [main]INFO  com.dfh.cucumberHooks.Hooks - Browser closed !!!
19:58:43.735 [main]INFO  com.dfh.cucumberHooks.Hooks - Setting up before the scenario
19:58:45.071 [main]INFO  com.dfh.cucumberHooks.Hooks - Running teardown after scenario
19:58:46.457 [main]INFO  com.dfh.cucumberHooks.Hooks - Browser closed !!!
20:08:33.593 [main]INFO  com.dfh.cucumberHooks.Hooks - Setting up before the scenario
20:08:37.384 [main]INFO  com.dfh.cucumberHooks.Hooks - Driver retrived from the hooks file successfully
20:08:37.825 [main]INFO  com.dfh.cucumberHooks.Hooks - Running teardown after scenario
20:08:39.066 [main]INFO  com.dfh.cucumberHooks.Hooks - Browser closed !!!
09:59:45.142 [main]INFO  com.dfh.cucumberHooks.Hooks - Setting up before the scenario
09:59:49.312 [main]INFO  com.dfh.cucumberHooks.Hooks - Driver retrived from the hooks file successfully
09:59:50.545 [main]INFO  com.dfh.cucumberHooks.Hooks - Running teardown after scenario
09:59:51.777 [main]INFO  com.dfh.cucumberHooks.Hooks - Browser closed !!!
10:37:18.022 [main]INFO  com.dfh.cucumberHooks.Hooks - Setting up before the scenario
10:37:21.753 [main]INFO  com.dfh.cucumberHooks.Hooks - Driver retrived from the hooks file successfully
10:37:22.953 [main]INFO  com.dfh.cucumberHooks.Hooks - Running teardown after scenario
10:37:24.217 [main]INFO  com.dfh.cucumberHooks.Hooks - Browser closed !!!
10:40:14.190 [main]INFO  com.dfh.cucumberHooks.Hooks - Setting up before the scenario
10:40:18.662 [main]INFO  com.dfh.cucumberHooks.Hooks - Driver retrived from the hooks file successfully
10:40:19.863 [main]INFO  com.dfh.cucumberHooks.Hooks - Running teardown after scenario
10:40:20.039 [main]INFO  com.dfh.cucumberHooks.Hooks - Browser closed !!!
10:40:30.045 [main]INFO  com.dfh.cucumberHooks.Hooks - Setting up before the scenario
10:40:33.043 [main]INFO  com.dfh.cucumberHooks.Hooks - Driver retrived from the hooks file successfully
10:40:34.312 [main]INFO  com.dfh.cucumberHooks.Hooks - Running teardown after scenario
10:40:34.448 [main]INFO  com.dfh.cucumberHooks.Hooks - Browser closed !!!
10:40:43.856 [main]INFO  com.dfh.cucumberHooks.Hooks - Setting up before the scenario
10:40:46.823 [main]INFO  com.dfh.cucumberHooks.Hooks - Driver retrived from the hooks file successfully
10:40:48.063 [main]INFO  com.dfh.cucumberHooks.Hooks - Running teardown after scenario
10:40:48.226 [main]INFO  com.dfh.cucumberHooks.Hooks - Browser closed !!!
14:11:49.617 [main]INFO  com.dfh.utils.PropertyLoader - Properties file loaded successfully
14:11:49.620 [main]INFO  com.dfh.cucumberHooks.Hooks - Driver retrived from the hooks file successfully
14:11:49.624 [main]INFO  com.dfh.utils.PropertyLoader - Properties file loaded successfully
14:13:47.533 [main]INFO  com.dfh.utils.PropertyLoader - Properties file loaded successfully
14:13:47.537 [main]INFO  com.dfh.cucumberHooks.Hooks - Setting up before the scenario
14:13:47.538 [main]INFO  com.dfh.utils.PropertyLoader - Properties file loaded successfully
14:13:47.538 [main]INFO  com.dfh.utils.BrowserFactory - This will run before the scenario 
14:13:52.045 [main]INFO  com.dfh.cucumberHooks.Hooks - Running tear down after scenario
14:13:52.232 [main]INFO  com.dfh.cucumberHooks.Hooks - Browser closed !!!
14:27:18.228 [main]INFO  com.dfh.utils.PropertyLoader - Properties file loaded successfully
14:27:18.232 [main]INFO  com.dfh.cucumberHooks.Hooks - Setting up before the scenario
14:27:18.234 [main]INFO  com.dfh.utils.PropertyLoader - Properties file loaded successfully
14:27:18.247 [main]INFO  com.dfh.cucumberHooks.Hooks - Running tear down after scenario
14:27:18.247 [main]INFO  com.dfh.cucumberHooks.Hooks - Browser closed !!!
14:29:52.182 [main]INFO  com.dfh.utils.PropertyLoader - Properties file loaded successfully
14:29:52.185 [main]INFO  com.dfh.cucumberHooks.Hooks - Setting up before the scenario
14:29:52.186 [main]INFO  com.dfh.utils.PropertyLoader - Properties file loaded successfully
14:29:52.193 [main]INFO  com.dfh.cucumberHooks.Hooks - Running tear down after scenario
14:29:52.193 [main]INFO  com.dfh.cucumberHooks.Hooks - Browser closed !!!
14:30:36.165 [main]INFO  com.dfh.utils.PropertyLoader - Properties file loaded successfully
14:30:36.168 [main]INFO  com.dfh.cucumberHooks.Hooks - Setting up before the scenario
14:30:36.169 [main]INFO  com.dfh.utils.PropertyLoader - Properties file loaded successfully
14:30:36.176 [main]INFO  com.dfh.cucumberHooks.Hooks - Running tear down after scenario
14:30:36.176 [main]INFO  com.dfh.cucumberHooks.Hooks - Browser closed !!!
14:32:48.195 [main]INFO  com.dfh.utils.PropertyLoader - Properties file loaded successfully
14:32:48.201 [main]INFO  com.dfh.cucumberHooks.Hooks - Setting up before the scenario
14:32:48.202 [main]INFO  com.dfh.utils.PropertyLoader - Properties file loaded successfully
14:32:48.216 [main]INFO  com.dfh.cucumberHooks.Hooks - Running tear down after scenario
14:32:48.216 [main]INFO  com.dfh.cucumberHooks.Hooks - Browser closed !!!
14:33:18.441 [main]INFO  com.dfh.utils.PropertyLoader - Properties file loaded successfully
14:33:18.448 [main]INFO  com.dfh.cucumberHooks.Hooks - Setting up before the scenario
14:33:30.752 [main]INFO  com.dfh.utils.PropertyLoader - Properties file loaded successfully
14:46:12.714 [main]INFO  com.dfh.cucumberHooks.Hooks - Running tear down after scenario
14:46:12.715 [main]INFO  com.dfh.cucumberHooks.Hooks - Browser closed !!!
14:46:17.094 [main]INFO  com.dfh.utils.PropertyLoader - Properties file loaded successfully
14:46:17.101 [main]INFO  com.dfh.cucumberHooks.Hooks - Setting up before the scenario
14:46:39.199 [main]INFO  com.dfh.utils.PropertyLoader - Properties file loaded successfully
14:46:44.486 [main]INFO  com.dfh.cucumberHooks.Hooks - Running tear down after scenario
14:46:44.486 [main]INFO  com.dfh.cucumberHooks.Hooks - Browser closed !!!
15:11:55.316 [main]INFO  com.dfh.utils.PropertyLoader - Properties file loaded successfully
15:11:55.321 [main]INFO  com.dfh.cucumberHooks.Hooks - Setting up before the scenario
15:11:55.322 [main]INFO  com.dfh.utils.PropertyLoader - Properties file loaded successfully
15:11:55.332 [main]INFO  com.dfh.cucumberHooks.Hooks - Running tear down after scenario
15:11:55.332 [main]INFO  com.dfh.cucumberHooks.Hooks - Browser closed !!!
16:45:19.739 [main]INFO  com.dfh.utils.PropertyLoader - Properties file loaded successfully
16:45:19.742 [main]INFO  com.dfh.cucumberHooks.Hooks - Driver retrived from the hooks file successfully
16:45:19.752 [main]INFO  com.dfh.utils.PropertyLoader - Properties file loaded successfully
23:16:19.518 [main]INFO  com.dfh.hooks.Hooks - Hooks started
23:16:19.521 [main]INFO  com.dfh.hooks.Hooks - running setup() function
23:16:19.531 [main]INFO  com.dfh.utils.PropertyLoader - Properties file loaded successfully
23:16:19.553 [main]INFO  com.dfh.hooks.Hooks - running launchApplication() function
23:17:41.446 [main]INFO  com.dfh.hooks.Hooks - Hooks started
23:17:41.452 [main]INFO  com.dfh.hooks.Hooks - running setup() function
23:17:41.470 [main]INFO  com.dfh.utils.PropertyLoader - Properties file loaded successfully
23:18:04.284 [main]INFO  com.dfh.hooks.Hooks - running launchApplication() function
23:48:40.428 [main]INFO  com.dfh.hooks.Hooks - Hooks started
23:48:40.431 [main]INFO  com.dfh.hooks.Hooks - running setup() function
23:48:40.450 [main]INFO  com.dfh.utils.PropertyLoader - Properties file loaded successfully
23:48:57.178 [main]INFO  com.dfh.hooks.Hooks - running launchApplication() function
23:51:02.353 [main]INFO  com.dfh.hooks.Hooks - Hooks started
23:51:02.356 [main]INFO  com.dfh.hooks.Hooks - running setup() function
23:51:02.367 [main]INFO  com.dfh.utils.PropertyLoader - Properties file loaded successfully
23:51:16.950 [main]INFO  com.dfh.hooks.Hooks - running launchApplication() function
23:54:17.154 [main]INFO  com.dfh.hooks.Hooks - Hooks started
23:54:17.158 [main]INFO  com.dfh.hooks.Hooks - running setup() function
23:54:17.170 [main]INFO  com.dfh.utils.PropertyLoader - Properties file loaded successfully
23:54:33.711 [main]INFO  com.dfh.hooks.Hooks - running launchApplication() function
23:57:56.001 [main]INFO  com.dfh.hooks.Hooks - Hooks started
23:57:56.004 [main]INFO  com.dfh.hooks.Hooks - running setup() function
23:57:56.012 [main]INFO  com.dfh.utils.PropertyLoader - Properties file loaded successfully
23:58:10.566 [main]INFO  com.dfh.hooks.Hooks - running launchApplication() function
00:08:58.330 [main]INFO  com.dfh.hooks.Hooks - Hooks started
00:08:58.340 [main]INFO  com.dfh.hooks.Hooks - running setup() function
00:08:58.348 [main]INFO  com.dfh.utils.PropertyLoader - Properties file loaded successfully
00:09:13.421 [main]INFO  com.dfh.hooks.Hooks - running launchApplication() function
00:09:20.311 [main]INFO  com.dfh.hooks.Hooks - Running teardown functionality
00:20:18.987 [main]INFO  com.dfh.hooks.Hooks - Hooks started
00:20:18.990 [main]INFO  com.dfh.hooks.Hooks - running setup() function
00:20:18.998 [main]INFO  com.dfh.utils.PropertyLoader - Properties file loaded successfully
00:20:35.639 [main]INFO  com.dfh.hooks.Hooks - running launchApplication() function
00:20:42.661 [main]INFO  com.dfh.hooks.Hooks - Running teardown functionality
00:23:57.445 [main]INFO  com.dfh.hooks.Hooks - Hooks started
00:23:57.454 [main]INFO  com.dfh.hooks.Hooks - running setup() function
00:23:57.465 [main]INFO  com.dfh.utils.PropertyLoader - Properties file loaded successfully
00:24:14.449 [main]INFO  com.dfh.hooks.Hooks - running launchApplication() function
00:26:02.950 [main]INFO  com.dfh.hooks.Hooks - Running teardown functionality
00:27:44.146 [main]INFO  com.dfh.hooks.Hooks - Hooks started
00:27:44.150 [main]INFO  com.dfh.hooks.Hooks - running setup() function
00:27:44.160 [main]INFO  com.dfh.utils.PropertyLoader - Properties file loaded successfully
00:27:59.513 [main]INFO  com.dfh.hooks.Hooks - running launchApplication() function
00:28:09.157 [main]INFO  com.dfh.hooks.Hooks - Running teardown functionality
12:24:10.765 [main]INFO  com.dfh.hooks.Hooks - Hooks started
12:24:10.768 [main]INFO  com.dfh.hooks.Hooks - running setup() function
12:24:10.776 [main]INFO  com.dfh.utils.PropertyLoader - Properties file loaded successfully
12:24:28.777 [main]INFO  com.dfh.hooks.Hooks - running launchApplication() function
12:24:33.448 [main]INFO  com.dfh.utils.Actions - Navigated to URL : https://reviewportalqa.dfh.co.uk/auth/login
12:24:33.745 [main]INFO  com.dfh.utils.Actions - Clicked on Element: By.xpath: //button[@type='button' and text()='Agent']
12:24:34.001 [main]INFO  com.dfh.utils.Actions - Set text kalyan on By.xpath: //input[@name='username']
12:24:34.338 [main]INFO  com.dfh.utils.Actions - Set text kalyan@123 on By.xpath: //input[@type='password']
12:24:34.610 [main]INFO  com.dfh.utils.Actions - Clicked on Element: By.xpath: //button[@type='submit' and text()='Login']
12:24:36.252 [main]INFO  com.dfh.utils.Actions - Set text 433332 on By.xpath: //form/descendant::input
12:24:36.692 [main]INFO  com.dfh.utils.Actions - Clicked on Element: By.xpath: //form/descendant::button
12:24:36.696 [main]INFO  com.dfh.hooks.Hooks - Running teardown functionality
13:11:19.910 [main]INFO  com.dfh.hooks.Hooks - Hooks started
13:11:19.913 [main]INFO  com.dfh.hooks.Hooks - running setup() function
13:11:19.922 [main]INFO  com.dfh.utils.PropertyLoader - Properties file loaded successfully
13:11:36.152 [main]INFO  com.dfh.hooks.Hooks - running launchApplication() function
13:11:40.228 [main]INFO  com.dfh.utils.Actions - Navigated to URL : https://reviewportalqa.dfh.co.uk/auth/login
13:11:40.514 [main]INFO  com.dfh.utils.Actions - Clicked on Element: By.xpath: //button[@type='button' and text()='Agent']
13:11:40.768 [main]INFO  com.dfh.utils.Actions - Set text kalyan on By.xpath: //input[@name='username']
13:11:41.061 [main]INFO  com.dfh.utils.Actions - Set text kalyan@123 on By.xpath: //input[@type='password']
13:11:41.308 [main]INFO  com.dfh.utils.Actions - Clicked on Element: By.xpath: //button[@type='submit' and text()='Login']
13:11:42.570 [main]INFO  com.dfh.utils.Actions - Set text 433332 on By.xpath: //form/descendant::input
13:11:42.803 [main]INFO  com.dfh.utils.Actions - Clicked on Element: By.xpath: //form/descendant::button
13:11:42.829 [main]INFO  com.dfh.hooks.Hooks - Running teardown functionality
15:17:32.484 [main]INFO  com.dfh.hooks.Hooks - Hooks started
15:17:32.488 [main]INFO  com.dfh.hooks.Hooks - running setup() function
15:17:32.496 [main]INFO  com.dfh.utils.PropertyLoader - Properties file loaded successfully
15:17:50.603 [main]INFO  com.dfh.hooks.Hooks - running launchApplication() function
15:17:54.354 [main]INFO  com.dfh.utils.Actions - Navigated to URL : https://reviewportalqa.dfh.co.uk/auth/login
15:17:54.623 [main]INFO  com.dfh.utils.Actions - Clicked on Element: By.xpath: //button[@type='button' and text()='Agent']
15:17:54.843 [main]INFO  com.dfh.utils.Actions - Set text kalyan on By.xpath: //input[@name='username']
15:17:55.114 [main]INFO  com.dfh.utils.Actions - Set text kalyan@123 on By.xpath: //input[@type='password']
15:17:55.409 [main]INFO  com.dfh.utils.Actions - Clicked on Element: By.xpath: //button[@type='submit' and text()='Login']
15:17:56.679 [main]INFO  com.dfh.utils.Actions - Set text 433332 on By.xpath: //form/descendant::input
15:17:57.036 [main]INFO  com.dfh.utils.Actions - Clicked on Element: By.xpath: //form/descendant::button
15:17:57.068 [main]INFO  com.dfh.hooks.Hooks - Running teardown functionality
15:28:20.083 [main]INFO  com.dfh.hooks.Hooks - Hooks started
15:28:20.085 [main]INFO  com.dfh.hooks.Hooks - running setup() function
15:28:20.093 [main]INFO  com.dfh.utils.PropertyLoader - Properties file loaded successfully
15:28:36.459 [main]INFO  com.dfh.hooks.Hooks - running launchApplication() function
15:28:39.917 [main]INFO  com.dfh.utils.Actions - Navigated to URL : https://reviewportalqa.dfh.co.uk/auth/login
15:28:40.159 [main]INFO  com.dfh.utils.Actions - Clicked on Element: By.xpath: //button[@type='button' and text()='Agent']
15:28:40.320 [main]INFO  com.dfh.utils.Actions - Set text kalyan on By.xpath: //input[@name='username']
15:28:40.452 [main]INFO  com.dfh.utils.Actions - Set text kalyan@123 on By.xpath: //input[@type='password']
15:28:40.594 [main]INFO  com.dfh.utils.Actions - Clicked on Element: By.xpath: //button[@type='submit' and text()='Login']
15:28:41.717 [main]INFO  com.dfh.utils.Actions - Set text 433332 on By.xpath: //form/descendant::input
15:28:41.915 [main]INFO  com.dfh.utils.Actions - Clicked on Element: By.xpath: //form/descendant::button
15:28:41.935 [main]INFO  com.dfh.hooks.Hooks - Running teardown functionality
22:04:14.701 [main]INFO  com.dfh.hooks.Hooks - Hooks started
22:04:19.211 [main]INFO  com.dfh.hooks.Hooks - running setup() function
22:04:26.041 [main]INFO  com.dfh.utils.PropertyLoader - Properties file loaded successfully
22:19:16.911 [main]INFO  com.dfh.hooks.Hooks - running launchApplication() function
22:20:21.468 [main]INFO  com.dfh.hooks.Hooks - Hooks started
22:20:22.581 [main]INFO  com.dfh.hooks.Hooks - running setup() function
22:20:33.315 [main]INFO  com.dfh.utils.PropertyLoader - Properties file loaded successfully
22:34:01.137 [main]INFO  com.dfh.hooks.Hooks - running launchApplication() function
22:34:03.618 [main]INFO  com.dfh.utils.Actions - Navigated to URL : https://reviewportalqa.dfh.co.uk/auth/login
22:34:04.259 [main]INFO  com.dfh.utils.Actions - Clicked on Element: By.xpath: //button[@type='button' and text()='Agent']
22:34:04.807 [main]INFO  com.dfh.utils.Actions - Set text kalyan on By.xpath: //input[@name='username']
22:34:05.228 [main]INFO  com.dfh.utils.Actions - Set text kalyan@123 on By.xpath: //input[@type='password']
22:34:05.710 [main]INFO  com.dfh.utils.Actions - Clicked on Element: By.xpath: //button[@type='submit' and text()='Login']
22:34:07.209 [main]INFO  com.dfh.utils.Actions - Set text 433332 on By.xpath: //form/descendant::input
22:34:07.854 [main]INFO  com.dfh.utils.Actions - Clicked on Element: By.xpath: //form/descendant::button
22:56:06.379 [main]INFO  com.dfh.hooks.Hooks - Running teardown functionality
23:10:32.701 [main]INFO  com.dfh.hooks.Hooks - Hooks started
23:10:32.701 [main]INFO  com.dfh.hooks.Hooks - running setup() function
23:10:32.701 [main]INFO  com.dfh.hooks.Hooks - Driver setup started...
23:10:35.408 [main]INFO  com.dfh.utils.PropertyLoader - Properties file loaded successfully
23:11:31.417 [main]INFO  com.dfh.hooks.Hooks - running launchApplication() function
23:11:39.906 [main]INFO  com.dfh.utils.Actions - Navigated to URL : https://reviewportalqa.dfh.co.uk/auth/login
23:21:03.614 [main]INFO  com.dfh.hooks.Hooks - Hooks started
23:21:03.614 [main]INFO  com.dfh.hooks.Hooks - running setup() function
23:21:03.614 [main]INFO  com.dfh.hooks.Hooks - Driver setup started...
23:21:15.548 [main]INFO  com.dfh.utils.PropertyLoader - Properties file loaded successfully
23:21:34.868 [main]INFO  com.dfh.driver.DriverManager - Driver set successfully.
23:22:02.528 [main]INFO  com.dfh.hooks.Hooks - running launchApplication() function
23:23:06.142 [main]INFO  com.dfh.hooks.Hooks - Hooks started
23:23:06.142 [main]INFO  com.dfh.hooks.Hooks - running setup() function
23:23:06.142 [main]INFO  com.dfh.hooks.Hooks - Driver setup started...
23:23:06.158 [main]INFO  com.dfh.utils.PropertyLoader - Properties file loaded successfully
23:23:21.604 [main]INFO  com.dfh.driver.DriverManager - Driver set successfully.
23:23:21.938 [main]INFO  com.dfh.hooks.Hooks - running launchApplication() function
23:23:25.045 [main]INFO  com.dfh.utils.Actions - Navigated to URL : https://reviewportalqa.dfh.co.uk/auth/login
23:23:25.335 [main]INFO  com.dfh.utils.Actions - Clicked on Element: By.xpath: //button[@type='button' and text()='Agent']
23:23:25.599 [main]INFO  com.dfh.utils.Actions - Set text kalyan on By.xpath: //input[@name='username']
23:23:25.868 [main]INFO  com.dfh.utils.Actions - Set text kalyan@123 on By.xpath: //input[@type='password']
23:23:26.093 [main]INFO  com.dfh.utils.Actions - Clicked on Element: By.xpath: //button[@type='submit' and text()='Login']
23:23:27.178 [main]INFO  com.dfh.utils.Actions - Set text 433332 on By.xpath: //form/descendant::input
23:23:27.431 [main]INFO  com.dfh.utils.Actions - Clicked on Element: By.xpath: //form/descendant::button
23:23:27.448 [main]INFO  com.dfh.hooks.Hooks - Running teardown functionality
23:44:10.584 [main]INFO  com.dfh.hooks.Hooks - Hooks started
23:44:10.597 [main]INFO  com.dfh.hooks.Hooks - running setup() function
23:44:10.597 [main]INFO  com.dfh.hooks.Hooks - Driver setup started...
23:44:10.629 [main]INFO  com.dfh.utils.PropertyLoader - Properties file loaded successfully
23:44:46.558 [main]INFO  com.dfh.hooks.Hooks - running launchApplication() function
23:44:51.247 [main]INFO  com.dfh.utils.Actions - Navigated to URL : https://reviewportalqa.dfh.co.uk/auth/login
23:44:53.725 [main]INFO  com.dfh.utils.Actions - Clicked on Element: By.xpath: //button[@type='button' and text()='Agent']
23:44:54.078 [main]INFO  com.dfh.utils.Actions - Set text kalyan on By.xpath: //input[@name='username']
23:44:54.413 [main]INFO  com.dfh.utils.Actions - Set text kalyan@123 on By.xpath: //input[@type='password']
23:44:54.856 [main]INFO  com.dfh.utils.Actions - Clicked on Element: By.xpath: //button[@type='submit' and text()='Login']
23:44:59.215 [main]INFO  com.dfh.utils.Actions - Set text 433332 on By.xpath: //form/descendant::input
23:44:59.676 [main]INFO  com.dfh.utils.Actions - Clicked on Element: By.xpath: //form/descendant::button
23:45:13.390 [main]INFO  com.dfh.hooks.Hooks - Running teardown functionality
23:53:52.580 [main]INFO  com.dfh.hooks.Hooks - *****************************************************************************************
23:53:52.596 [main]INFO  com.dfh.hooks.Hooks - Execution Started for Scenario: Validate the Login page functionality
23:53:52.597 [main]INFO  com.dfh.utils.PropertyLoader - Properties file loaded successfully
23:53:54.371 [main]INFO  com.dfh.hooks.Hooks - running launchApplication() function
23:53:54.403 [main]INFO  com.dfh.hooks.Hooks - Running tear down functionality
23:53:54.403 [main]WARN  com.dfh.hooks.Hooks - No WebDriver instance to quit
23:53:54.403 [main]INFO  com.dfh.hooks.Hooks - Execution Ended for Scenario: Validate the Login page functionality
23:53:54.403 [main]INFO  com.dfh.hooks.Hooks -  Scenario Validate the Login page functionality Execution Status : FAILED
23:53:54.403 [main]INFO  com.dfh.hooks.Hooks - *****************************************************************************************
23:56:12.437 [main]INFO  com.dfh.hooks.Hooks - *****************************************************************************************
23:56:12.454 [main]INFO  com.dfh.hooks.Hooks - Execution Started for Scenario: Validate the Login page functionality
23:56:12.469 [main]INFO  com.dfh.utils.PropertyLoader - Properties file loaded successfully
23:56:14.315 [main]INFO  com.dfh.hooks.Hooks - running launchApplication() function
23:56:14.331 [main]INFO  com.dfh.hooks.Hooks - Running tear down functionality
23:56:14.331 [main]WARN  com.dfh.hooks.Hooks - No WebDriver instance to quit
23:56:14.331 [main]INFO  com.dfh.hooks.Hooks - Execution Ended for Scenario: Validate the Login page functionality
23:56:14.331 [main]INFO  com.dfh.hooks.Hooks -  Scenario Validate the Login page functionality Execution Status : FAILED
23:56:14.331 [main]INFO  com.dfh.hooks.Hooks - *****************************************************************************************
23:57:12.838 [main]INFO  com.dfh.hooks.Hooks - *****************************************************************************************
23:57:12.838 [main]INFO  com.dfh.hooks.Hooks - Execution Started for Scenario: Validate the Login page functionality
23:57:12.853 [main]INFO  com.dfh.utils.PropertyLoader - Properties file loaded successfully
23:57:21.618 [main]INFO  com.dfh.hooks.Hooks - running launchApplication() function
23:57:25.111 [main]INFO  com.dfh.utils.Actions - Navigated to URL : https://reviewportalqa.dfh.co.uk/auth/login
23:57:25.566 [main]INFO  com.dfh.utils.Actions - Clicked on Element: By.xpath: //button[@type='button' and text()='Agent']
23:57:25.907 [main]INFO  com.dfh.utils.Actions - Set text kalyan on By.xpath: //input[@name='username']
23:57:26.223 [main]INFO  com.dfh.utils.Actions - Set text kalyan@123 on By.xpath: //input[@type='password']
23:57:26.551 [main]INFO  com.dfh.utils.Actions - Clicked on Element: By.xpath: //button[@type='submit' and text()='Login']
23:57:27.726 [main]INFO  com.dfh.utils.Actions - Set text 433332 on By.xpath: //form/descendant::input
23:57:28.125 [main]INFO  com.dfh.utils.Actions - Clicked on Element: By.xpath: //form/descendant::button
23:57:28.158 [main]INFO  com.dfh.hooks.Hooks - Running tear down functionality
23:57:32.924 [main]INFO  com.dfh.hooks.Hooks - Execution Ended for Scenario: Validate the Login page functionality
23:57:32.931 [main]INFO  com.dfh.hooks.Hooks -  Scenario Validate the Login page functionality Execution Status : PASSED
23:57:32.931 [main]INFO  com.dfh.hooks.Hooks - *****************************************************************************************
11:51:01.895 [main]INFO  com.dfh.hooks.Hooks - *****************************************************************************************
11:51:01.911 [main]INFO  com.dfh.hooks.Hooks - Execution Started for Scenario: Validate the Login page functionality
11:51:01.927 [main]INFO  com.dfh.utils.PropertyLoader - Properties file loaded successfully
11:51:16.924 [main]INFO  com.dfh.utils.Actions - Navigated to URL : https://reviewportalqa.dfh.co.uk/auth/login
11:51:17.268 [main]INFO  com.dfh.utils.Actions - Clicked on Element: By.xpath: //button[@type='button' and text()='Agent']
11:51:17.633 [main]INFO  com.dfh.utils.Actions - Set text kalyan on By.xpath: //input[@name='username']
11:51:17.929 [main]INFO  com.dfh.utils.Actions - Set text kalyan@123 on By.xpath: //input[@type='password']
11:51:18.222 [main]INFO  com.dfh.utils.Actions - Clicked on Element: By.xpath: //button[@type='submit' and text()='Login']
11:51:19.414 [main]INFO  com.dfh.utils.Actions - Set text 433332 on By.xpath: //form/descendant::input
11:51:19.800 [main]INFO  com.dfh.utils.Actions - Clicked on Element: By.xpath: //form/descendant::button
11:51:19.800 [main]INFO  com.dfh.hooks.Hooks - Login to the application successfully !
11:51:19.839 [main]INFO  com.dfh.hooks.Hooks - Running tear down after test case
11:51:19.839 [main]INFO  com.dfh.hooks.Hooks - Starting Hooks tear down function
11:51:19.839 [main]INFO  com.dfh.hooks.Hooks - Scenario passed so no need for the screenshot
11:51:24.932 [main]INFO  com.dfh.hooks.Hooks - Execution Ended for Scenario: Validate the Login page functionality
11:51:24.932 [main]INFO  com.dfh.hooks.Hooks -  Scenario Validate the Login page functionality Execution Status : PASSED
11:51:24.932 [main]INFO  com.dfh.hooks.Hooks - *****************************************************************************************
11:55:39.259 [main]INFO  com.dfh.hooks.Hooks - *****************************************************************************************
11:55:39.280 [main]INFO  com.dfh.hooks.Hooks - Execution Started for Scenario: Validate the Login page functionality
11:55:39.283 [main]INFO  com.dfh.utils.PropertyLoader - Properties file loaded successfully
11:55:50.965 [main]INFO  com.dfh.utils.Actions - Navigated to URL : https://reviewportalqa.dfh.co.uk/auth/login
11:55:51.367 [main]INFO  com.dfh.utils.Actions - Clicked on Element: By.xpath: //button[@type='button' and text()='Agent']
11:55:51.678 [main]INFO  com.dfh.utils.Actions - Set text kalyan on By.xpath: //input[@name='username']
11:55:51.965 [main]INFO  com.dfh.utils.Actions - Set text kalyan@123 on By.xpath: //input[@type='password']
11:55:52.237 [main]INFO  com.dfh.utils.Actions - Clicked on Element: By.xpath: //button[@type='submit' and text()='Login']
11:55:53.235 [main]INFO  com.dfh.utils.Actions - Set text 433332 on By.xpath: //form/descendant::input
11:55:53.573 [main]INFO  com.dfh.utils.Actions - Clicked on Element: By.xpath: //form/descendant::button
11:55:53.573 [main]INFO  com.dfh.hooks.Hooks - Login to the application successfully !
11:55:53.626 [main]INFO  com.dfh.hooks.Hooks - Running tear down after test case
11:55:53.629 [main]INFO  com.dfh.hooks.Hooks - Starting Hooks tear down function
11:55:53.827 [main]WARN  com.dfh.hooks.Hooks - Captured screenshot size: 36175 bytes
11:55:54.384 [main]INFO  com.dfh.hooks.Hooks - Execution Ended for Scenario: Validate the Login page functionality
11:55:54.384 [main]INFO  com.dfh.hooks.Hooks -  Scenario Validate the Login page functionality Execution Status : FAILED
11:55:54.384 [main]INFO  com.dfh.hooks.Hooks - *****************************************************************************************
12:24:15.742 [main]INFO  com.dfh.hooks.Hooks - *****************************************************************************************
12:24:15.773 [main]INFO  com.dfh.hooks.Hooks - Execution Started for Scenario: Validate the Login page functionality
12:24:15.794 [main]INFO  com.dfh.utils.PropertyLoader - Properties file loaded successfully
12:24:27.866 [main]INFO  com.dfh.utils.Actions - Navigated to URL : https://reviewportalqa.dfh.co.uk/auth/login
12:24:28.309 [main]INFO  com.dfh.utils.Actions - Clicked on Element: By.xpath: //button[@type='button' and text()='Agent']
12:24:28.682 [main]INFO  com.dfh.utils.Actions - Set text kalyan on By.xpath: //input[@name='username']
12:24:28.994 [main]INFO  com.dfh.utils.Actions - Set text kalyan@123 on By.xpath: //input[@type='password']
12:24:29.309 [main]INFO  com.dfh.utils.Actions - Clicked on Element: By.xpath: //button[@type='submit' and text()='Login']
12:24:30.512 [main]INFO  com.dfh.utils.Actions - Set text 433332 on By.xpath: //form/descendant::input
12:24:30.961 [main]INFO  com.dfh.utils.Actions - Clicked on Element: By.xpath: //form/descendant::button
12:24:30.961 [main]INFO  com.dfh.hooks.Hooks - Login to the application successfully !
12:27:15.236 [main]INFO  com.dfh.hooks.Hooks - hay user on the summary page !!!
12:27:15.271 [main]INFO  com.dfh.hooks.Hooks - Running tear down after test case
12:27:15.271 [main]INFO  com.dfh.hooks.Hooks - Starting Hooks tear down function
12:27:15.281 [main]INFO  com.dfh.hooks.Hooks - Scenario passed so no need for the screenshot
12:27:22.542 [main]INFO  com.dfh.hooks.Hooks - Execution Ended for Scenario: Validate the Login page functionality
12:27:22.548 [main]INFO  com.dfh.hooks.Hooks -  Scenario Validate the Login page functionality Execution Status : PASSED
12:27:22.548 [main]INFO  com.dfh.hooks.Hooks - *****************************************************************************************
18:06:37.759 [main]INFO  com.dfh.hooks.Hooks - *****************************************************************************************
18:06:37.759 [main]INFO  com.dfh.hooks.Hooks - Execution Started for Scenario: Validate the Login page functionality
18:06:37.775 [main]INFO  com.dfh.utils.PropertyLoader - Properties file loaded successfully
18:06:51.022 [main]INFO  com.dfh.utils.Actions - Navigated to URL : https://reviewportalqa.dfh.co.uk/auth/login
18:06:51.422 [main]INFO  com.dfh.utils.Actions - Clicked on Element: By.xpath: //button[@type='button' and text()='Agent']
18:06:51.781 [main]INFO  com.dfh.utils.Actions - Set text kalyan on By.xpath: //input[@name='username']
18:06:52.109 [main]INFO  com.dfh.utils.Actions - Set text kalyan@123 on By.xpath: //input[@type='password']
18:06:52.419 [main]INFO  com.dfh.utils.Actions - Clicked on Element: By.xpath: //button[@type='submit' and text()='Login']
18:06:53.546 [main]INFO  com.dfh.utils.Actions - Set text 433332 on By.xpath: //form/descendant::input
18:06:53.984 [main]INFO  com.dfh.utils.Actions - Clicked on Element: By.xpath: //form/descendant::button
18:06:53.984 [main]INFO  com.dfh.hooks.Hooks - Login to the application successfully !
18:06:56.194 [main]INFO  com.dfh.utils.Actions - Navigated to URL : https://reviewportalqa.dfh.co.uk/review/433332/summary
18:06:56.241 [main]INFO  com.dfh.utils.Assertions - Url validation passed: https://reviewportalqa.dfh.co.uk/review/433332/summary
18:06:56.241 [main]INFO  com.dfh.pages.LoginPage.AgentLoginPage - Navigated to summary page successfully
18:06:56.273 [main]INFO  com.dfh.hooks.Hooks - Running tear down after test case
18:06:56.273 [main]INFO  com.dfh.hooks.Hooks - Starting Hooks tear down function
18:06:56.281 [main]INFO  com.dfh.hooks.Hooks - Scenario passed so no need for the screenshot
18:07:01.376 [main]INFO  com.dfh.hooks.Hooks - Execution Ended for Scenario: Validate the Login page functionality
18:07:01.376 [main]INFO  com.dfh.hooks.Hooks -  Scenario Validate the Login page functionality Execution Status : PASSED
18:07:01.376 [main]INFO  com.dfh.hooks.Hooks - *****************************************************************************************
21:10:14.796 [main]INFO  com.dfh.hooks.Hooks - *****************************************************************************************
21:10:14.811 [main]INFO  com.dfh.hooks.Hooks - Execution Started for Scenario: Validate the Login page functionality
21:10:14.827 [main]INFO  com.dfh.utils.PropertyLoader - Properties file loaded successfully
21:10:28.014 [main]INFO  com.dfh.utils.Actions - Navigated to URL : https://reviewportalqa.dfh.co.uk/auth/login
21:10:28.304 [main]INFO  com.dfh.utils.Actions - Clicked on Element: By.xpath: //button[@type='button' and text()='Agent']
21:10:28.661 [main]INFO  com.dfh.utils.Actions - Set text kalyan on By.xpath: //input[@name='username']
21:10:28.975 [main]INFO  com.dfh.utils.Actions - Set text kalyan@123 on By.xpath: //input[@type='password']
21:10:29.265 [main]INFO  com.dfh.utils.Actions - Clicked on Element: By.xpath: //button[@type='submit' and text()='Login']
21:10:30.481 [main]INFO  com.dfh.utils.Actions - Set text 433332 on By.xpath: //form/descendant::input
21:10:30.925 [main]INFO  com.dfh.utils.Actions - Clicked on Element: By.xpath: //form/descendant::button
21:10:30.925 [main]INFO  com.dfh.hooks.Hooks - Login to the application successfully !
21:10:33.444 [main]INFO  com.dfh.utils.Actions - Navigated to URL : https://reviewportalqa.dfh.co.uk/review/433332/summary
21:10:33.494 [main]INFO  com.dfh.utils.Assertions - Url validation passed: https://reviewportalqa.dfh.co.uk/review/433332/summary
21:10:33.494 [main]INFO  com.dfh.pages.LoginPage.AgentLoginPage - Navigated to summary page successfully
21:10:33.530 [main]INFO  com.dfh.hooks.Hooks - Running tear down after test case
21:10:33.530 [main]INFO  com.dfh.hooks.Hooks - Starting Hooks tear down function
21:10:33.539 [main]INFO  com.dfh.hooks.Hooks - Scenario passed so no need for the screenshot
21:10:38.584 [main]INFO  com.dfh.hooks.Hooks - Execution Ended for Scenario: Validate the Login page functionality
21:10:38.584 [main]INFO  com.dfh.hooks.Hooks -  Scenario Validate the Login page functionality Execution Status : PASSED
21:10:38.584 [main]INFO  com.dfh.hooks.Hooks - *****************************************************************************************
23:05:08.109 [main]INFO  com.dfh.hooks.Hooks - *****************************************************************************************
23:05:08.126 [main]INFO  com.dfh.hooks.Hooks - Execution Started for Scenario: Validate the Summary page functionality
23:05:08.140 [main]INFO  com.dfh.utils.PropertyLoader - Properties file loaded successfully
23:05:22.490 [main]INFO  com.dfh.utils.Actions - Navigated to URL : https://reviewportalqa.dfh.co.uk/auth/login
23:05:22.836 [main]INFO  com.dfh.utils.Actions - Clicked on Element: By.xpath: //button[@type='button' and text()='Agent']
23:05:23.111 [main]INFO  com.dfh.utils.Actions - Set text kalyan on By.xpath: //input[@name='username']
23:05:23.443 [main]INFO  com.dfh.utils.Actions - Set text kalyan@123 on By.xpath: //input[@type='password']
23:05:23.719 [main]INFO  com.dfh.utils.Actions - Clicked on Element: By.xpath: //button[@type='submit' and text()='Login']
23:05:25.327 [main]INFO  com.dfh.utils.Actions - Set text 433332 on By.xpath: //form/descendant::input
23:05:25.625 [main]INFO  com.dfh.utils.Actions - Clicked on Element: By.xpath: //form/descendant::button
23:05:25.625 [main]INFO  com.dfh.hooks.Hooks - Login to the application successfully !
23:05:25.646 [main]INFO  com.dfh.hooks.Hooks - Running tear down after test case
23:05:25.646 [main]INFO  com.dfh.hooks.Hooks - Starting Hooks tear down function
23:05:26.328 [main]WARN  com.dfh.hooks.Hooks - Captured screenshot size: 36521 bytes
23:05:31.210 [main]INFO  com.dfh.hooks.Hooks - Execution Ended for Scenario: Validate the Summary page functionality
23:05:31.210 [main]INFO  com.dfh.hooks.Hooks -  Scenario Validate the Summary page functionality Execution Status : FAILED
23:05:31.210 [main]INFO  com.dfh.hooks.Hooks - *****************************************************************************************
23:38:06.939 [main]INFO  com.dfh.hooks.Hooks - *****************************************************************************************
23:38:06.939 [main]INFO  com.dfh.hooks.Hooks - Execution Started for Scenario: Validate the Summary page functionality
23:38:06.961 [main]INFO  com.dfh.utils.PropertyLoader - Properties file loaded successfully
23:38:17.113 [main]INFO  com.dfh.utils.Actions - Navigated to URL : https://reviewportalqa.dfh.co.uk/auth/login
23:38:17.336 [main]INFO  com.dfh.utils.Actions - Clicked on Element: By.xpath: //button[@type='button' and text()='Agent']
23:38:17.692 [main]INFO  com.dfh.utils.Actions - Set text kalyan on By.xpath: //input[@name='username']
23:38:18.041 [main]INFO  com.dfh.utils.Actions - Set text kalyan@123 on By.xpath: //input[@type='password']
23:38:18.334 [main]INFO  com.dfh.utils.Actions - Clicked on Element: By.xpath: //button[@type='submit' and text()='Login']
23:38:21.717 [main]INFO  com.dfh.utils.Actions - Set text 433332 on By.xpath: //form/descendant::input
23:38:21.974 [main]INFO  com.dfh.utils.Actions - Clicked on Element: By.xpath: //form/descendant::button
23:38:21.982 [main]INFO  com.dfh.hooks.Hooks - Login to the application successfully !
23:38:30.921 [main]INFO  com.dfh.utils.Actions - Navigated to URL : https://reviewportalqa.dfh.co.uk/review/433332/summary
23:38:30.965 [main]INFO  com.dfh.utils.Assertions - Url validation passed: https://reviewportalqa.dfh.co.uk/review/433332/summary
23:38:30.965 [main]INFO  com.dfh.pages.summaryPage.SummaryPage - Navigated to summary page successfully
23:38:33.022 [main]INFO  com.dfh.utils.Actions - Navigated to URL : https://reviewportalqa.dfh.co.uk/review/433332/summary
23:38:33.055 [main]INFO  com.dfh.utils.Assertions - Url validation passed: https://reviewportalqa.dfh.co.uk/review/433332/summary
23:38:33.055 [main]INFO  com.dfh.pages.summaryPage.SummaryPage - Navigated to summary page successfully
23:38:33.566 [main]INFO  com.dfh.utils.Actions - Clicked on Element: By.xpath: (//button[@value='Yes'])[1]
23:38:33.798 [main]INFO  com.dfh.utils.Actions - Clicked on Element: By.xpath: (//button[@value='Yes'])[2]
23:38:35.167 [main]INFO  com.dfh.hooks.Hooks - Running tear down after test case
23:38:35.167 [main]INFO  com.dfh.hooks.Hooks - Starting Hooks tear down function
23:38:35.361 [main]WARN  com.dfh.hooks.Hooks - Captured screenshot size: 106969 bytes
23:38:41.570 [main]INFO  com.dfh.hooks.Hooks - Execution Ended for Scenario: Validate the Summary page functionality
23:38:41.570 [main]INFO  com.dfh.hooks.Hooks -  Scenario Validate the Summary page functionality Execution Status : FAILED
23:38:41.570 [main]INFO  com.dfh.hooks.Hooks - *****************************************************************************************
23:41:41.538 [main]INFO  com.dfh.hooks.Hooks - *****************************************************************************************
23:41:41.598 [main]INFO  com.dfh.hooks.Hooks - Execution Started for Scenario: Validate the Summary page functionality
23:41:41.614 [main]INFO  com.dfh.utils.PropertyLoader - Properties file loaded successfully
23:41:57.626 [main]INFO  com.dfh.utils.Actions - Navigated to URL : https://reviewportalqa.dfh.co.uk/auth/login
23:41:58.123 [main]INFO  com.dfh.utils.Actions - Clicked on Element: By.xpath: //button[@type='button' and text()='Agent']
23:41:58.459 [main]INFO  com.dfh.utils.Actions - Set text kalyan on By.xpath: //input[@name='username']
23:41:58.830 [main]INFO  com.dfh.utils.Actions - Set text kalyan@123 on By.xpath: //input[@type='password']
23:41:59.175 [main]INFO  com.dfh.utils.Actions - Clicked on Element: By.xpath: //button[@type='submit' and text()='Login']
23:42:00.540 [main]INFO  com.dfh.utils.Actions - Set text 433332 on By.xpath: //form/descendant::input
23:42:00.845 [main]INFO  com.dfh.utils.Actions - Clicked on Element: By.xpath: //form/descendant::button
23:42:00.846 [main]INFO  com.dfh.hooks.Hooks - Login to the application successfully !
23:42:03.112 [main]INFO  com.dfh.utils.Actions - Navigated to URL : https://reviewportalqa.dfh.co.uk/review/433332/summary
23:42:03.145 [main]INFO  com.dfh.utils.Assertions - Url validation passed: https://reviewportalqa.dfh.co.uk/review/433332/summary
23:42:03.145 [main]INFO  com.dfh.pages.summaryPage.SummaryPage - Navigated to summary page successfully
23:42:05.111 [main]INFO  com.dfh.utils.Actions - Navigated to URL : https://reviewportalqa.dfh.co.uk/review/433332/summary
23:42:05.149 [main]INFO  com.dfh.utils.Assertions - Url validation passed: https://reviewportalqa.dfh.co.uk/review/433332/summary
23:42:05.149 [main]INFO  com.dfh.pages.summaryPage.SummaryPage - Navigated to summary page successfully
23:42:05.770 [main]INFO  com.dfh.utils.Actions - Clicked on Element: By.xpath: (//button[@value='Yes'])[1]
23:42:06.018 [main]INFO  com.dfh.utils.Actions - Clicked on Element: By.xpath: (//button[@value='Yes'])[2]
23:42:43.056 [main]INFO  com.dfh.utils.Actions - Clicked on Element: By.xpath: //button[@role='combobox']
23:43:09.605 [main]ERROR com.dfh.pages.summaryPage.SummaryPage - Invalid input type
23:43:09.622 [main]INFO  com.dfh.hooks.Hooks - Running tear down after test case
23:43:09.622 [main]INFO  com.dfh.hooks.Hooks - Starting Hooks tear down function
23:43:09.792 [main]WARN  com.dfh.hooks.Hooks - Captured screenshot size: 99194 bytes
23:43:51.691 [main]INFO  com.dfh.hooks.Hooks - *****************************************************************************************
23:43:51.691 [main]INFO  com.dfh.hooks.Hooks - Execution Started for Scenario: Validate the Summary page functionality
23:43:51.707 [main]INFO  com.dfh.utils.PropertyLoader - Properties file loaded successfully
23:44:01.807 [main]INFO  com.dfh.utils.Actions - Navigated to URL : https://reviewportalqa.dfh.co.uk/auth/login
23:44:02.104 [main]INFO  com.dfh.utils.Actions - Clicked on Element: By.xpath: //button[@type='button' and text()='Agent']
23:44:02.449 [main]INFO  com.dfh.utils.Actions - Set text kalyan on By.xpath: //input[@name='username']
23:44:02.730 [main]INFO  com.dfh.utils.Actions - Set text kalyan@123 on By.xpath: //input[@type='password']
23:44:03.065 [main]INFO  com.dfh.utils.Actions - Clicked on Element: By.xpath: //button[@type='submit' and text()='Login']
23:44:04.215 [main]INFO  com.dfh.utils.Actions - Set text 433332 on By.xpath: //form/descendant::input
23:44:04.578 [main]INFO  com.dfh.utils.Actions - Clicked on Element: By.xpath: //form/descendant::button
23:44:04.578 [main]INFO  com.dfh.hooks.Hooks - Login to the application successfully !
23:44:06.631 [main]INFO  com.dfh.utils.Actions - Navigated to URL : https://reviewportalqa.dfh.co.uk/review/433332/summary
23:44:06.672 [main]INFO  com.dfh.utils.Assertions - Url validation passed: https://reviewportalqa.dfh.co.uk/review/433332/summary
23:44:06.672 [main]INFO  com.dfh.pages.summaryPage.SummaryPage - Navigated to summary page successfully
23:44:08.578 [main]INFO  com.dfh.utils.Actions - Navigated to URL : https://reviewportalqa.dfh.co.uk/review/433332/summary
23:44:08.623 [main]INFO  com.dfh.utils.Assertions - Url validation passed: https://reviewportalqa.dfh.co.uk/review/433332/summary
23:44:08.623 [main]INFO  com.dfh.pages.summaryPage.SummaryPage - Navigated to summary page successfully
23:44:09.234 [main]INFO  com.dfh.utils.Actions - Clicked on Element: By.xpath: (//button[@value='Yes'])[1]
23:44:09.572 [main]INFO  com.dfh.utils.Actions - Clicked on Element: By.xpath: (//button[@value='Yes'])[2]
23:44:09.931 [main]INFO  com.dfh.utils.Actions - Clicked on Element: By.xpath: //button[@role='combobox']
23:44:09.931 [main]ERROR com.dfh.pages.summaryPage.SummaryPage - Invalid input type
23:44:09.956 [main]INFO  com.dfh.hooks.Hooks - Running tear down after test case
23:44:09.956 [main]INFO  com.dfh.hooks.Hooks - Starting Hooks tear down function
23:44:10.210 [main]WARN  com.dfh.hooks.Hooks - Captured screenshot size: 118065 bytes
23:44:15.365 [main]INFO  com.dfh.hooks.Hooks - Execution Ended for Scenario: Validate the Summary page functionality
23:44:15.365 [main]INFO  com.dfh.hooks.Hooks -  Scenario Validate the Summary page functionality Execution Status : FAILED
23:44:15.365 [main]INFO  com.dfh.hooks.Hooks - *****************************************************************************************
23:47:26.442 [main]INFO  com.dfh.hooks.Hooks - *****************************************************************************************
23:47:26.458 [main]INFO  com.dfh.hooks.Hooks - Execution Started for Scenario: Validate the Summary page functionality
23:47:26.458 [main]INFO  com.dfh.utils.PropertyLoader - Properties file loaded successfully
23:47:36.838 [main]INFO  com.dfh.utils.Actions - Navigated to URL : https://reviewportalqa.dfh.co.uk/auth/login
23:47:37.322 [main]INFO  com.dfh.utils.Actions - Clicked on Element: By.xpath: //button[@type='button' and text()='Agent']
23:47:37.629 [main]INFO  com.dfh.utils.Actions - Set text kalyan on By.xpath: //input[@name='username']
23:47:38.012 [main]INFO  com.dfh.utils.Actions - Set text kalyan@123 on By.xpath: //input[@type='password']
23:47:38.345 [main]INFO  com.dfh.utils.Actions - Clicked on Element: By.xpath: //button[@type='submit' and text()='Login']
23:47:39.478 [main]INFO  com.dfh.utils.Actions - Set text 433332 on By.xpath: //form/descendant::input
23:47:39.906 [main]INFO  com.dfh.utils.Actions - Clicked on Element: By.xpath: //form/descendant::button
23:47:39.906 [main]INFO  com.dfh.hooks.Hooks - Login to the application successfully !
23:47:42.144 [main]INFO  com.dfh.utils.Actions - Navigated to URL : https://reviewportalqa.dfh.co.uk/review/433332/summary
23:47:42.201 [main]INFO  com.dfh.utils.Assertions - Url validation passed: https://reviewportalqa.dfh.co.uk/review/433332/summary
23:47:42.201 [main]INFO  com.dfh.pages.summaryPage.SummaryPage - Navigated to summary page successfully
23:47:44.169 [main]INFO  com.dfh.utils.Actions - Navigated to URL : https://reviewportalqa.dfh.co.uk/review/433332/summary
23:47:44.211 [main]INFO  com.dfh.utils.Assertions - Url validation passed: https://reviewportalqa.dfh.co.uk/review/433332/summary
23:47:44.211 [main]INFO  com.dfh.pages.summaryPage.SummaryPage - Navigated to summary page successfully
23:47:44.807 [main]INFO  com.dfh.utils.Actions - Clicked on Element: By.xpath: (//button[@value='Yes'])[1]
23:47:45.129 [main]INFO  com.dfh.utils.Actions - Clicked on Element: By.xpath: (//button[@value='Yes'])[2]
23:47:45.449 [main]INFO  com.dfh.utils.Actions - Clicked on Element: By.xpath: //button[@role='combobox']
23:47:45.764 [main]INFO  com.dfh.utils.Actions - Clicked on Element: By.xpath: //span[contains(text(),'Change Income')]
23:47:46.044 [main]INFO  com.dfh.utils.Actions - Clicked on Element: By.xpath: //form/child::button
23:47:46.068 [main]ERROR com.dfh.utils.Assertions - Url validation failed
23:47:46.068 [main]ERROR com.dfh.utils.Assertions - Expected Url : https://reviewportalqa.dfh.co.uk/review/433332/household
23:47:46.068 [main]ERROR com.dfh.utils.Assertions - currentUrl : https://reviewportalqa.dfh.co.uk/review/433332/summary
23:47:46.086 [main]INFO  com.dfh.hooks.Hooks - Running tear down after test case
23:47:46.086 [main]INFO  com.dfh.hooks.Hooks - Starting Hooks tear down function
23:47:46.313 [main]WARN  com.dfh.hooks.Hooks - Captured screenshot size: 105967 bytes
23:47:53.682 [main]INFO  com.dfh.hooks.Hooks - Execution Ended for Scenario: Validate the Summary page functionality
23:47:53.686 [main]INFO  com.dfh.hooks.Hooks -  Scenario Validate the Summary page functionality Execution Status : FAILED
23:47:53.686 [main]INFO  com.dfh.hooks.Hooks - *****************************************************************************************
23:55:51.975 [main]INFO  com.dfh.hooks.Hooks - *****************************************************************************************
23:55:51.975 [main]INFO  com.dfh.hooks.Hooks - Execution Started for Scenario: Validate the Summary page functionality
23:55:51.990 [main]INFO  com.dfh.utils.PropertyLoader - Properties file loaded successfully
23:56:01.994 [main]INFO  com.dfh.utils.Actions - Navigated to URL : https://reviewportalqa.dfh.co.uk/auth/login
23:56:02.353 [main]INFO  com.dfh.utils.Actions - Clicked on Element: By.xpath: //button[@type='button' and text()='Agent']
23:56:02.623 [main]INFO  com.dfh.utils.Actions - Set text kalyan on By.xpath: //input[@name='username']
23:56:02.897 [main]INFO  com.dfh.utils.Actions - Set text kalyan@123 on By.xpath: //input[@type='password']
23:56:03.231 [main]INFO  com.dfh.utils.Actions - Clicked on Element: By.xpath: //button[@type='submit' and text()='Login']
23:56:04.623 [main]INFO  com.dfh.utils.Actions - Set text 433332 on By.xpath: //form/descendant::input
23:56:05.048 [main]INFO  com.dfh.utils.Actions - Clicked on Element: By.xpath: //form/descendant::button
23:56:05.048 [main]INFO  com.dfh.hooks.Hooks - Login to the application successfully !
23:56:07.608 [main]INFO  com.dfh.utils.Actions - Navigated to URL : https://reviewportalqa.dfh.co.uk/review/433332/summary
23:56:07.682 [main]INFO  com.dfh.utils.Assertions - URL validation passed: https://reviewportalqa.dfh.co.uk/review/433332/summary
23:56:07.682 [main]INFO  com.dfh.pages.summaryPage.SummaryPage - Navigated to summary page successfully
23:56:09.715 [main]INFO  com.dfh.utils.Actions - Navigated to URL : https://reviewportalqa.dfh.co.uk/review/433332/summary
23:56:09.780 [main]INFO  com.dfh.utils.Assertions - URL validation passed: https://reviewportalqa.dfh.co.uk/review/433332/summary
23:56:09.780 [main]INFO  com.dfh.pages.summaryPage.SummaryPage - Navigated to summary page successfully
23:56:10.366 [main]INFO  com.dfh.utils.Actions - Clicked on Element: By.xpath: (//button[@value='Yes'])[1]
23:56:10.683 [main]INFO  com.dfh.utils.Actions - Clicked on Element: By.xpath: (//button[@value='Yes'])[2]
23:56:11.057 [main]INFO  com.dfh.utils.Actions - Clicked on Element: By.xpath: //button[@role='combobox']
23:56:11.329 [main]INFO  com.dfh.utils.Actions - Clicked on Element: By.xpath: //span[contains(text(),'Change Income')]
23:56:11.608 [main]INFO  com.dfh.utils.Actions - Clicked on Element: By.xpath: //form/child::button
23:56:11.632 [main]ERROR com.dfh.utils.Assertions - Url validation failed
23:56:11.633 [main]ERROR com.dfh.utils.Assertions - Expected Url : https://reviewportalqa.dfh.co.uk/review/433332/household
23:56:11.633 [main]ERROR com.dfh.utils.Assertions - Actual Url : https://reviewportalqa.dfh.co.uk/review/433332/summary
23:56:11.649 [main]INFO  com.dfh.hooks.Hooks - Running tear down after test case
23:56:11.649 [main]INFO  com.dfh.hooks.Hooks - Starting Hooks tear down function
23:56:11.876 [main]WARN  com.dfh.hooks.Hooks - Captured screenshot size: 105958 bytes
23:56:20.126 [main]INFO  com.dfh.hooks.Hooks - Execution Ended for Scenario: Validate the Summary page functionality
23:56:20.126 [main]INFO  com.dfh.hooks.Hooks -  Scenario Validate the Summary page functionality Execution Status : FAILED
23:56:20.126 [main]INFO  com.dfh.hooks.Hooks - *****************************************************************************************
23:57:48.447 [main]INFO  com.dfh.hooks.Hooks - *****************************************************************************************
23:57:48.496 [main]INFO  com.dfh.hooks.Hooks - Execution Started for Scenario: Validate the Summary page functionality
23:57:48.511 [main]INFO  com.dfh.utils.PropertyLoader - Properties file loaded successfully
23:57:59.270 [main]INFO  com.dfh.utils.Actions - Navigated to URL : https://reviewportalqa.dfh.co.uk/auth/login
23:57:59.622 [main]INFO  com.dfh.utils.Actions - Clicked on Element: By.xpath: //button[@type='button' and text()='Agent']
23:57:59.804 [main]INFO  com.dfh.utils.Actions - Set text kalyan on By.xpath: //input[@name='username']
23:58:00.077 [main]INFO  com.dfh.utils.Actions - Set text kalyan@123 on By.xpath: //input[@type='password']
23:58:00.408 [main]INFO  com.dfh.utils.Actions - Clicked on Element: By.xpath: //button[@type='submit' and text()='Login']
23:58:01.990 [main]INFO  com.dfh.utils.Actions - Set text 433332 on By.xpath: //form/descendant::input
23:58:02.430 [main]INFO  com.dfh.utils.Actions - Clicked on Element: By.xpath: //form/descendant::button
23:58:02.430 [main]INFO  com.dfh.hooks.Hooks - Login to the application successfully !
23:58:04.539 [main]INFO  com.dfh.utils.Actions - Navigated to URL : https://reviewportalqa.dfh.co.uk/review/433332/summary
23:58:04.600 [main]INFO  com.dfh.utils.Assertions - URL validation passed: https://reviewportalqa.dfh.co.uk/review/433332/summary
23:58:04.600 [main]INFO  com.dfh.pages.summaryPage.SummaryPage - Navigated to summary page successfully
23:58:06.511 [main]INFO  com.dfh.utils.Actions - Navigated to URL : https://reviewportalqa.dfh.co.uk/review/433332/summary
23:58:06.565 [main]INFO  com.dfh.utils.Assertions - URL validation passed: https://reviewportalqa.dfh.co.uk/review/433332/summary
23:58:06.565 [main]INFO  com.dfh.pages.summaryPage.SummaryPage - Navigated to summary page successfully
23:58:07.260 [main]INFO  com.dfh.utils.Actions - Clicked on Element: By.xpath: (//button[@value='Yes'])[1]
23:58:07.608 [main]INFO  com.dfh.utils.Actions - Clicked on Element: By.xpath: (//button[@value='Yes'])[2]
23:58:17.124 [main]INFO  com.dfh.utils.Actions - Clicked on Element: By.xpath: //button[@role='combobox']
23:58:17.548 [main]INFO  com.dfh.utils.Actions - Clicked on Element: By.xpath: //span[contains(text(),'Change Income')]
23:58:17.772 [main]INFO  com.dfh.utils.Actions - Clicked on Element: By.xpath: //form/child::button
23:58:17.797 [main]ERROR com.dfh.utils.Assertions - Url validation failed
23:58:17.799 [main]ERROR com.dfh.utils.Assertions - Expected Url : https://reviewportalqa.dfh.co.uk/review/433332/household
23:58:17.799 [main]ERROR com.dfh.utils.Assertions - Actual Url : https://reviewportalqa.dfh.co.uk/review/433332/summary
23:58:17.806 [main]INFO  com.dfh.hooks.Hooks - Running tear down after test case
23:58:17.806 [main]INFO  com.dfh.hooks.Hooks - Starting Hooks tear down function
23:58:18.006 [main]WARN  com.dfh.hooks.Hooks - Captured screenshot size: 105963 bytes
23:58:26.567 [main]INFO  com.dfh.hooks.Hooks - Execution Ended for Scenario: Validate the Summary page functionality
23:58:26.582 [main]INFO  com.dfh.hooks.Hooks -  Scenario Validate the Summary page functionality Execution Status : FAILED
23:58:26.582 [main]INFO  com.dfh.hooks.Hooks - *****************************************************************************************
23:58:50.738 [main]INFO  com.dfh.hooks.Hooks - *****************************************************************************************
23:58:50.787 [main]INFO  com.dfh.hooks.Hooks - Execution Started for Scenario: Validate the Summary page functionality
23:58:50.787 [main]INFO  com.dfh.utils.PropertyLoader - Properties file loaded successfully
23:59:02.151 [main]INFO  com.dfh.utils.Actions - Navigated to URL : https://reviewportalqa.dfh.co.uk/auth/login
23:59:02.640 [main]INFO  com.dfh.utils.Actions - Clicked on Element: By.xpath: //button[@type='button' and text()='Agent']
23:59:03.073 [main]INFO  com.dfh.utils.Actions - Set text kalyan on By.xpath: //input[@name='username']
23:59:03.451 [main]INFO  com.dfh.utils.Actions - Set text kalyan@123 on By.xpath: //input[@type='password']
23:59:03.804 [main]INFO  com.dfh.utils.Actions - Clicked on Element: By.xpath: //button[@type='submit' and text()='Login']
23:59:05.028 [main]INFO  com.dfh.utils.Actions - Set text 433332 on By.xpath: //form/descendant::input
23:59:05.399 [main]INFO  com.dfh.utils.Actions - Clicked on Element: By.xpath: //form/descendant::button
23:59:05.399 [main]INFO  com.dfh.hooks.Hooks - Login to the application successfully !
23:59:07.540 [main]INFO  com.dfh.utils.Actions - Navigated to URL : https://reviewportalqa.dfh.co.uk/review/433332/summary
23:59:07.582 [main]INFO  com.dfh.utils.Assertions - URL validation passed: https://reviewportalqa.dfh.co.uk/review/433332/summary
23:59:07.582 [main]INFO  com.dfh.pages.summaryPage.SummaryPage - Navigated to summary page successfully
23:59:09.397 [main]INFO  com.dfh.utils.Actions - Navigated to URL : https://reviewportalqa.dfh.co.uk/review/433332/summary
23:59:09.427 [main]INFO  com.dfh.utils.Assertions - URL validation passed: https://reviewportalqa.dfh.co.uk/review/433332/summary
23:59:09.427 [main]INFO  com.dfh.pages.summaryPage.SummaryPage - Navigated to summary page successfully
23:59:09.924 [main]INFO  com.dfh.utils.Actions - Clicked on Element: By.xpath: (//button[@value='Yes'])[1]
23:59:10.143 [main]INFO  com.dfh.utils.Actions - Clicked on Element: By.xpath: (//button[@value='Yes'])[2]
23:59:10.430 [main]INFO  com.dfh.utils.Actions - Clicked on Element: By.xpath: //button[@role='combobox']
23:59:10.632 [main]INFO  com.dfh.utils.Actions - Clicked on Element: By.xpath: //span[contains(text(),'Change Income')]
23:59:10.853 [main]INFO  com.dfh.utils.Actions - Clicked on Element: By.xpath: //form/child::button
23:59:47.328 [main]INFO  com.dfh.utils.Assertions - Url validation passed: https://reviewportalqa.dfh.co.uk/review/433332/household
23:59:51.106 [main]INFO  com.dfh.hooks.Hooks - Running tear down after test case
23:59:51.106 [main]INFO  com.dfh.hooks.Hooks - Starting Hooks tear down function
23:59:51.108 [main]INFO  com.dfh.hooks.Hooks - Scenario passed so no need for the screenshot
23:59:57.110 [main]INFO  com.dfh.hooks.Hooks - Execution Ended for Scenario: Validate the Summary page functionality
23:59:57.110 [main]INFO  com.dfh.hooks.Hooks -  Scenario Validate the Summary page functionality Execution Status : PASSED
23:59:57.110 [main]INFO  com.dfh.hooks.Hooks - *****************************************************************************************
00:01:29.277 [main]INFO  com.dfh.hooks.Hooks - *****************************************************************************************
00:01:29.293 [main]INFO  com.dfh.hooks.Hooks - Execution Started for Scenario: Validate the Summary page functionality
00:01:29.293 [main]INFO  com.dfh.utils.PropertyLoader - Properties file loaded successfully
00:01:42.908 [main]INFO  com.dfh.utils.Actions - Navigated to URL : https://reviewportalqa.dfh.co.uk/auth/login
00:01:43.388 [main]INFO  com.dfh.utils.Actions - Clicked on Element: By.xpath: //button[@type='button' and text()='Agent']
00:01:43.691 [main]INFO  com.dfh.utils.Actions - Set text kalyan on By.xpath: //input[@name='username']
00:01:44.038 [main]INFO  com.dfh.utils.Actions - Set text kalyan@123 on By.xpath: //input[@type='password']
00:01:44.320 [main]INFO  com.dfh.utils.Actions - Clicked on Element: By.xpath: //button[@type='submit' and text()='Login']
00:01:45.446 [main]INFO  com.dfh.utils.Actions - Set text 433332 on By.xpath: //form/descendant::input
00:01:45.684 [main]INFO  com.dfh.utils.Actions - Clicked on Element: By.xpath: //form/descendant::button
00:01:45.684 [main]INFO  com.dfh.hooks.Hooks - Login to the application successfully !
00:01:47.847 [main]INFO  com.dfh.utils.Actions - Navigated to URL : https://reviewportalqa.dfh.co.uk/review/433332/summary
00:01:47.887 [main]INFO  com.dfh.utils.Assertions - URL validation passed: https://reviewportalqa.dfh.co.uk/review/433332/summary
00:01:47.887 [main]INFO  com.dfh.pages.summaryPage.SummaryPage - Navigated to summary page successfully
00:01:49.707 [main]INFO  com.dfh.utils.Actions - Navigated to URL : https://reviewportalqa.dfh.co.uk/review/433332/summary
00:01:49.753 [main]INFO  com.dfh.utils.Assertions - URL validation passed: https://reviewportalqa.dfh.co.uk/review/433332/summary
00:01:49.753 [main]INFO  com.dfh.pages.summaryPage.SummaryPage - Navigated to summary page successfully
00:01:50.178 [main]INFO  com.dfh.utils.Actions - Clicked on Element: By.xpath: (//button[@value='Yes'])[1]
00:01:50.404 [main]INFO  com.dfh.utils.Actions - Clicked on Element: By.xpath: (//button[@value='Yes'])[2]
00:01:50.726 [main]INFO  com.dfh.utils.Actions - Clicked on Element: By.xpath: //button[@role='combobox']
00:01:50.974 [main]INFO  com.dfh.utils.Actions - Clicked on Element: By.xpath: //span[contains(text(),'Change Income')]
00:01:51.230 [main]INFO  com.dfh.utils.Actions - Clicked on Element: By.xpath: //form/child::button
00:01:53.289 [main]INFO  com.dfh.utils.Assertions - URL validation passed: https://reviewportalqa.dfh.co.uk/review/433332/household
00:01:53.289 [main]INFO  com.dfh.hooks.Hooks - Running tear down after test case
00:01:53.289 [main]INFO  com.dfh.hooks.Hooks - Starting Hooks tear down function
00:01:53.299 [main]INFO  com.dfh.hooks.Hooks - Scenario passed so no need for the screenshot
00:02:02.221 [main]INFO  com.dfh.hooks.Hooks - Execution Ended for Scenario: Validate the Summary page functionality
00:02:02.221 [main]INFO  com.dfh.hooks.Hooks -  Scenario Validate the Summary page functionality Execution Status : PASSED
00:02:02.221 [main]INFO  com.dfh.hooks.Hooks - *****************************************************************************************
